D:\用户目录\我的文档\VISUAL STUDIO 2010\PROJECTS\FISHEYEDEMO\FISHEYEDEMO\RELEASE\ANYAREACORRECT.OBJ
D:\用户目录\我的文档\Visual Studio 2010\Projects\fishEyeDemo\fishEyeDemo\Release\cl.command.1.tlog
D:\用户目录\我的文档\Visual Studio 2010\Projects\fishEyeDemo\fishEyeDemo\Release\CL.read.1.tlog
D:\用户目录\我的文档\Visual Studio 2010\Projects\fishEyeDemo\fishEyeDemo\Release\CL.write.1.tlog
D:\用户目录\我的文档\VISUAL STUDIO 2010\PROJECTS\FISHEYEDEMO\FISHEYEDEMO\RELEASE\CVVIMAGE.OBJ
D:\用户目录\我的文档\VISUAL STUDIO 2010\PROJECTS\FISHEYEDEMO\FISHEYEDEMO\RELEASE\FISHEYEBASE.OBJ
D:\用户目录\我的文档\VISUAL STUDIO 2010\PROJECTS\FISHEYEDEMO\FISHEYEDEMO\RELEASE\FISHEYEDEMO.EXE.INTERMEDIATE.MANIFEST
D:\用户目录\我的文档\VISUAL STUDIO 2010\PROJECTS\FISHEYEDEMO\FISHEYEDEMO\RELEASE\FISHEYEDEMO.OBJ
D:\用户目录\我的文档\VISUAL STUDIO 2010\PROJECTS\FISHEYEDEMO\FISHEYEDEMO\RELEASE\FISHEYEDEMO.PCH
D:\用户目录\我的文档\VISUAL STUDIO 2010\PROJECTS\FISHEYEDEMO\FISHEYEDEMO\RELEASE\FISHEYEDEMO.RES
D:\用户目录\我的文档\Visual Studio 2010\Projects\fishEyeDemo\fishEyeDemo\Release\fishEyeDemo.vcxprojResolveAssemblyReference.cache
D:\用户目录\我的文档\Visual Studio 2010\Projects\fishEyeDemo\fishEyeDemo\Release\fishEyeDemo.write.1.tlog
D:\用户目录\我的文档\VISUAL STUDIO 2010\PROJECTS\FISHEYEDEMO\FISHEYEDEMO\RELEASE\FISHEYEDEMODLG.OBJ
D:\用户目录\我的文档\Visual Studio 2010\Projects\fishEyeDemo\fishEyeDemo\Release\link.command.1.tlog
D:\用户目录\我的文档\Visual Studio 2010\Projects\fishEyeDemo\fishEyeDemo\Release\link.read.1.tlog
D:\用户目录\我的文档\Visual Studio 2010\Projects\fishEyeDemo\fishEyeDemo\Release\link.write.1.tlog
D:\用户目录\我的文档\Visual Studio 2010\Projects\fishEyeDemo\fishEyeDemo\Release\link-cvtres.read.1.tlog
D:\用户目录\我的文档\Visual Studio 2010\Projects\fishEyeDemo\fishEyeDemo\Release\link-cvtres.write.1.tlog
D:\用户目录\我的文档\Visual Studio 2010\Projects\fishEyeDemo\fishEyeDemo\Release\mt.command.1.tlog
D:\用户目录\我的文档\Visual Studio 2010\Projects\fishEyeDemo\fishEyeDemo\Release\mt.read.1.tlog
D:\用户目录\我的文档\Visual Studio 2010\Projects\fishEyeDemo\fishEyeDemo\Release\mt.write.1.tlog
D:\用户目录\我的文档\Visual Studio 2010\Projects\fishEyeDemo\fishEyeDemo\Release\rc.command.1.tlog
D:\用户目录\我的文档\Visual Studio 2010\Projects\fishEyeDemo\fishEyeDemo\Release\rc.read.1.tlog
D:\用户目录\我的文档\Visual Studio 2010\Projects\fishEyeDemo\fishEyeDemo\Release\rc.write.1.tlog
D:\用户目录\我的文档\VISUAL STUDIO 2010\PROJECTS\FISHEYEDEMO\FISHEYEDEMO\RELEASE\STDAFX.OBJ
D:\用户目录\我的文档\VISUAL STUDIO 2010\PROJECTS\FISHEYEDEMO\FISHEYEDEMO\RELEASE\UPDOWNCORRECT.OBJ
D:\用户目录\我的文档\VISUAL STUDIO 2010\PROJECTS\FISHEYEDEMO\FISHEYEDEMO\RELEASE\VC100.PDB
D:\用户目录\我的文档\VISUAL STUDIO 2010\PROJECTS\FISHEYEDEMO\FISHEYEDEMO\RELEASE\VIDEOCORRECT.OBJ
D:\用户目录\我的文档\VISUAL STUDIO 2010\PROJECTS\FISHEYEDEMO\FISHEYEDEMO\RELEASE\VIDEOCORRECTMANAGER.OBJ
D:\用户目录\我的文档\VISUAL STUDIO 2010\PROJECTS\FISHEYEDEMO\FISHEYEDEMO\RELEASE\VIDEODRAWBASE.OBJ
D:\用户目录\我的文档\VISUAL STUDIO 2010\PROJECTS\FISHEYEDEMO\FISHEYEDEMO\RELEASE\VIDEOFRAME.OBJ
D:\用户目录\我的文档\VISUAL STUDIO 2010\PROJECTS\FISHEYEDEMO\FISHEYEDEMO\RELEASE\VIDEOWINDOWDRAW.OBJ
D:\用户目录\我的文档\VISUAL STUDIO 2010\PROJECTS\FISHEYEDEMO\RELEASE\FISHEYEDEMO.EXE
D:\用户目录\我的文档\VISUAL STUDIO 2010\PROJECTS\FISHEYEDEMO\RELEASE\FISHEYEDEMO.PDB
