D:\用户目录\我的文档\VISUAL STUDIO 2010\PROJECTS\FISHEYEDEMO\DEBUG\FISHEYEDEMO.EXE
D:\用户目录\我的文档\VISUAL STUDIO 2010\PROJECTS\FISHEYEDEMO\DEBUG\FISHEYEDEMO.ILK
D:\用户目录\我的文档\VISUAL STUDIO 2010\PROJECTS\FISHEYEDEMO\DEBUG\FISHEYEDEMO.PDB
D:\用户目录\我的文档\VISUAL STUDIO 2010\PROJECTS\FISHEYEDEMO\FISHEYEDEMO\DEBUG\ANYAREACORRECT.OBJ
D:\用户目录\我的文档\Visual Studio 2010\Projects\fishEyeDemo\fishEyeDemo\Debug\cl.command.1.tlog
D:\用户目录\我的文档\Visual Studio 2010\Projects\fishEyeDemo\fishEyeDemo\Debug\CL.read.1.tlog
D:\用户目录\我的文档\Visual Studio 2010\Projects\fishEyeDemo\fishEyeDemo\Debug\CL.write.1.tlog
D:\用户目录\我的文档\VISUAL STUDIO 2010\PROJECTS\FISHEYEDEMO\FISHEYEDEMO\DEBUG\CVVIMAGE.OBJ
D:\用户目录\我的文档\VISUAL STUDIO 2010\PROJECTS\FISHEYEDEMO\FISHEYEDEMO\DEBUG\FISHEYEBASE.OBJ
D:\用户目录\我的文档\VISUAL STUDIO 2010\PROJECTS\FISHEYEDEMO\FISHEYEDEMO\DEBUG\FISHEYEDEMO.EXE.EMBED.MANIFEST
D:\用户目录\我的文档\VISUAL STUDIO 2010\PROJECTS\FISHEYEDEMO\FISHEYEDEMO\DEBUG\FISHEYEDEMO.EXE.EMBED.MANIFEST.RES
D:\用户目录\我的文档\VISUAL STUDIO 2010\PROJECTS\FISHEYEDEMO\FISHEYEDEMO\DEBUG\FISHEYEDEMO.EXE.INTERMEDIATE.MANIFEST
D:\用户目录\我的文档\VISUAL STUDIO 2010\PROJECTS\FISHEYEDEMO\FISHEYEDEMO\DEBUG\FISHEYEDEMO.OBJ
D:\用户目录\我的文档\VISUAL STUDIO 2010\PROJECTS\FISHEYEDEMO\FISHEYEDEMO\DEBUG\FISHEYEDEMO.PCH
D:\用户目录\我的文档\VISUAL STUDIO 2010\PROJECTS\FISHEYEDEMO\FISHEYEDEMO\DEBUG\FISHEYEDEMO.RES
D:\用户目录\我的文档\Visual Studio 2010\Projects\fishEyeDemo\fishEyeDemo\Debug\fishEyeDemo.write.1.tlog
D:\用户目录\我的文档\Visual Studio 2010\Projects\fishEyeDemo\fishEyeDemo\Debug\fishEyeDemo_manifest.rc
D:\用户目录\我的文档\VISUAL STUDIO 2010\PROJECTS\FISHEYEDEMO\FISHEYEDEMO\DEBUG\FISHEYEDEMODLG.OBJ
D:\用户目录\我的文档\VISUAL STUDIO 2010\PROJECTS\FISHEYEDEMO\FISHEYEDEMO\DEBUG\FOURAREACORRECT.OBJ
D:\用户目录\我的文档\Visual Studio 2010\Projects\fishEyeDemo\fishEyeDemo\Debug\link.command.1.tlog
D:\用户目录\我的文档\Visual Studio 2010\Projects\fishEyeDemo\fishEyeDemo\Debug\link.read.1.tlog
D:\用户目录\我的文档\Visual Studio 2010\Projects\fishEyeDemo\fishEyeDemo\Debug\link.write.1.tlog
D:\用户目录\我的文档\Visual Studio 2010\Projects\fishEyeDemo\fishEyeDemo\Debug\link-cvtres.read.1.tlog
D:\用户目录\我的文档\Visual Studio 2010\Projects\fishEyeDemo\fishEyeDemo\Debug\link-cvtres.write.1.tlog
D:\用户目录\我的文档\Visual Studio 2010\Projects\fishEyeDemo\fishEyeDemo\Debug\mt.command.1.tlog
D:\用户目录\我的文档\Visual Studio 2010\Projects\fishEyeDemo\fishEyeDemo\Debug\mt.read.1.tlog
D:\用户目录\我的文档\Visual Studio 2010\Projects\fishEyeDemo\fishEyeDemo\Debug\mt.write.1.tlog
D:\用户目录\我的文档\VISUAL STUDIO 2010\PROJECTS\FISHEYEDEMO\FISHEYEDEMO\DEBUG\PANORAMACORRECT.OBJ
D:\用户目录\我的文档\Visual Studio 2010\Projects\fishEyeDemo\fishEyeDemo\Debug\rc.command.1.tlog
D:\用户目录\我的文档\Visual Studio 2010\Projects\fishEyeDemo\fishEyeDemo\Debug\rc.read.1.tlog
D:\用户目录\我的文档\Visual Studio 2010\Projects\fishEyeDemo\fishEyeDemo\Debug\rc.write.1.tlog
D:\用户目录\我的文档\VISUAL STUDIO 2010\PROJECTS\FISHEYEDEMO\FISHEYEDEMO\DEBUG\STDAFX.OBJ
D:\用户目录\我的文档\VISUAL STUDIO 2010\PROJECTS\FISHEYEDEMO\FISHEYEDEMO\DEBUG\UPDOWNCORRECT.OBJ
D:\用户目录\我的文档\Visual Studio 2010\Projects\fishEyeDemo\fishEyeDemo\Debug\vc100.idb
D:\用户目录\我的文档\VISUAL STUDIO 2010\PROJECTS\FISHEYEDEMO\FISHEYEDEMO\DEBUG\VC100.PDB
D:\用户目录\我的文档\VISUAL STUDIO 2010\PROJECTS\FISHEYEDEMO\FISHEYEDEMO\DEBUG\VIDEOCORRECT.OBJ
D:\用户目录\我的文档\VISUAL STUDIO 2010\PROJECTS\FISHEYEDEMO\FISHEYEDEMO\DEBUG\VIDEOCORRECTMANAGER.OBJ
D:\用户目录\我的文档\VISUAL STUDIO 2010\PROJECTS\FISHEYEDEMO\FISHEYEDEMO\DEBUG\VIDEODRAWBASE.OBJ
D:\用户目录\我的文档\VISUAL STUDIO 2010\PROJECTS\FISHEYEDEMO\FISHEYEDEMO\DEBUG\VIDEOFRAME.OBJ
D:\用户目录\我的文档\VISUAL STUDIO 2010\PROJECTS\FISHEYEDEMO\FISHEYEDEMO\DEBUG\VIDEOWINDOWDRAW.OBJ
