生成启动时间为 2016/2/17 11:28:55。
     1>项目“D:\用户目录\我的文档\Visual Studio 2010\Projects\fishEyeDemo\fishEyeDemo\fishEyeDemo.vcxproj”在节点 2 上(rebuild 个目标)。
     1>_PrepareForClean:
         正在删除文件“Debug\fishEyeDemo.lastbuildstate”。
       InitializeBuildStatus:
         正在创建“Debug\fishEyeDemo.unsuccessfulbuild”，因为已指定“AlwaysCreate”。
       ClCompile:
         C:\Program Files (x86)\Microsoft Visual Studio 10.0\VC\bin\CL.exe /c /ZI /nologo /W3 /WX- /Od /Oy- /D WIN32 /D _WINDOWS /D _DEBUG /D _MBCS /D _AFXDLL /Gm /EHsc /RTC1 /MDd /GS /fp:precise /Zc:wchar_t /Zc:forScope /Yc"StdAfx.h" /Fp"Debug\fishEyeDemo.pch" /Fo"Debug\\" /Fd"Debug\vc100.pdb" /Gd /TP /analyze- /errorReport:prompt stdafx.cpp
         stdafx.cpp
     1>d:\opencv\opencv\build\include\opencv2\flann\logger.h(66): warning C4996: 'fopen': This function or variable may be unsafe. Consider using fopen_s instead. To disable deprecation, use _CRT_SECURE_NO_WARNINGS. See online help for details.
                 c:\program files (x86)\microsoft visual studio 10.0\vc\include\stdio.h(234) : 参见“fopen”的声明
         C:\Program Files (x86)\Microsoft Visual Studio 10.0\VC\bin\CL.exe /c /ZI /nologo /W3 /WX- /Od /Oy- /D WIN32 /D _WINDOWS /D _DEBUG /D _MBCS /D _AFXDLL /Gm /EHsc /RTC1 /MDd /GS /fp:precise /Zc:wchar_t /Zc:forScope /Yu"StdAfx.h" /Fp"Debug\fishEyeDemo.pch" /Fo"Debug\\" /Fd"Debug\vc100.pdb" /Gd /TP /analyze- /errorReport:prompt AnyAreaCorrect.cpp CvvImage.cpp FishEyeBase.cpp FourAreaCorrect.cpp fishEyeDemo.cpp fishEyeDemoDlg.cpp PanoramaCorrect.cpp UpDownCorrect.cpp VideoCorrect.cpp VideoCorrectManager.cpp VideoDrawBase.cpp VideoFrame.cpp VideoWindowDraw.cpp
         VideoWindowDraw.cpp
         VideoFrame.cpp
         VideoDrawBase.cpp
         VideoCorrectManager.cpp
         VideoCorrect.cpp
         UpDownCorrect.cpp
     1>d:\用户目录\我的文档\visual studio 2010\projects\fisheyedemo\fisheyedemo\updowncorrect.cpp(32): warning C4244: “=”: 从“double”转换到“int”，可能丢失数据
     1>d:\用户目录\我的文档\visual studio 2010\projects\fisheyedemo\fisheyedemo\updowncorrect.cpp(94): warning C4244: “初始化”: 从“double”转换到“int”，可能丢失数据
     1>d:\用户目录\我的文档\visual studio 2010\projects\fisheyedemo\fisheyedemo\updowncorrect.cpp(99): warning C4244: “初始化”: 从“double”转换到“float”，可能丢失数据
     1>d:\用户目录\我的文档\visual studio 2010\projects\fisheyedemo\fisheyedemo\updowncorrect.cpp(151): warning C4244: “初始化”: 从“double”转换到“float”，可能丢失数据
     1>d:\用户目录\我的文档\visual studio 2010\projects\fisheyedemo\fisheyedemo\updowncorrect.cpp(172): warning C4244: “=”: 从“double”转换到“long”，可能丢失数据
         PanoramaCorrect.cpp
     1>d:\用户目录\我的文档\visual studio 2010\projects\fisheyedemo\fisheyedemo\panoramacorrect.cpp(179): warning C4244: “=”: 从“double”转换到“int”，可能丢失数据
     1>d:\用户目录\我的文档\visual studio 2010\projects\fisheyedemo\fisheyedemo\panoramacorrect.cpp(187): warning C4244: “=”: 从“double”转换到“int”，可能丢失数据
     1>d:\用户目录\我的文档\visual studio 2010\projects\fisheyedemo\fisheyedemo\panoramacorrect.cpp(208): warning C4244: “=”: 从“double”转换到“long”，可能丢失数据
         fishEyeDemoDlg.cpp
         fishEyeDemo.cpp
         FourAreaCorrect.cpp
     1>d:\用户目录\我的文档\visual studio 2010\projects\fisheyedemo\fisheyedemo\fourareacorrect.cpp(166): warning C4244: “初始化”: 从“double”转换到“int”，可能丢失数据
     1>d:\用户目录\我的文档\visual studio 2010\projects\fisheyedemo\fisheyedemo\fourareacorrect.cpp(167): warning C4244: “初始化”: 从“double”转换到“int”，可能丢失数据
     1>d:\用户目录\我的文档\visual studio 2010\projects\fisheyedemo\fisheyedemo\fourareacorrect.cpp(207): warning C4244: “=”: 从“double”转换到“long”，可能丢失数据
         FishEyeBase.cpp
     1>d:\用户目录\我的文档\visual studio 2010\projects\fisheyedemo\fisheyedemo\fisheyebase.cpp(86): warning C4244: “初始化”: 从“double”转换到“float”，可能丢失数据
     1>d:\用户目录\我的文档\visual studio 2010\projects\fisheyedemo\fisheyedemo\fisheyebase.cpp(87): warning C4244: “初始化”: 从“double”转换到“float”，可能丢失数据
     1>d:\用户目录\我的文档\visual studio 2010\projects\fisheyedemo\fisheyedemo\fisheyebase.cpp(88): warning C4244: “初始化”: 从“double”转换到“float”，可能丢失数据
         CvvImage.cpp
         AnyAreaCorrect.cpp
     1>d:\用户目录\我的文档\visual studio 2010\projects\fisheyedemo\fisheyedemo\anyareacorrect.cpp(26): warning C4244: “=”: 从“double”转换到“int”，可能丢失数据
     1>d:\用户目录\我的文档\visual studio 2010\projects\fisheyedemo\fisheyedemo\anyareacorrect.cpp(122): warning C4244: “初始化”: 从“float”转换到“int”，可能丢失数据
     1>d:\用户目录\我的文档\visual studio 2010\projects\fisheyedemo\fisheyedemo\anyareacorrect.cpp(129): warning C4244: “初始化”: 从“double”转换到“float”，可能丢失数据
     1>d:\用户目录\我的文档\visual studio 2010\projects\fisheyedemo\fisheyedemo\anyareacorrect.cpp(130): warning C4244: “初始化”: 从“float”转换到“int”，可能丢失数据
     1>d:\用户目录\我的文档\visual studio 2010\projects\fisheyedemo\fisheyedemo\anyareacorrect.cpp(136): warning C4244: “初始化”: 从“float”转换到“int”，可能丢失数据
     1>d:\用户目录\我的文档\visual studio 2010\projects\fisheyedemo\fisheyedemo\anyareacorrect.cpp(162): warning C4244: “=”: 从“double”转换到“float”，可能丢失数据
     1>d:\用户目录\我的文档\visual studio 2010\projects\fisheyedemo\fisheyedemo\anyareacorrect.cpp(211): warning C4244: “参数”: 从“double”转换到“float”，可能丢失数据
     1>d:\用户目录\我的文档\visual studio 2010\projects\fisheyedemo\fisheyedemo\anyareacorrect.cpp(216): warning C4244: “=”: 从“double”转换到“long”，可能丢失数据
     1>d:\用户目录\我的文档\visual studio 2010\projects\fisheyedemo\fisheyedemo\anyareacorrect.cpp(221): warning C4244: “参数”: 从“double”转换到“float”，可能丢失数据
     1>d:\用户目录\我的文档\visual studio 2010\projects\fisheyedemo\fisheyedemo\anyareacorrect.cpp(226): warning C4244: “=”: 从“double”转换到“long”，可能丢失数据
     1>d:\用户目录\我的文档\visual studio 2010\projects\fisheyedemo\fisheyedemo\anyareacorrect.cpp(231): warning C4244: “参数”: 从“double”转换到“float”，可能丢失数据
     1>d:\用户目录\我的文档\visual studio 2010\projects\fisheyedemo\fisheyedemo\anyareacorrect.cpp(236): warning C4244: “=”: 从“double”转换到“long”，可能丢失数据
         正在生成代码...
       ResourceCompile:
         C:\Program Files (x86)\Microsoft SDKs\Windows\v7.0A\bin\rc.exe /D _DEBUG /D _AFXDLL /l"0x0804" /IDebug\ /nologo /fo"Debug\fishEyeDemo.res" fishEyeDemo.rc 
       ManifestResourceCompile:
         C:\Program Files (x86)\Microsoft SDKs\Windows\v7.0A\bin\rc.exe /nologo /fo"Debug\fishEyeDemo.exe.embed.manifest.res" Debug\fishEyeDemo_manifest.rc 
       Link:
         C:\Program Files (x86)\Microsoft Visual Studio 10.0\VC\bin\link.exe /ERRORREPORT:PROMPT /OUT:"D:\用户目录\我的文档\Visual Studio 2010\Projects\fishEyeDemo\Debug\fishEyeDemo.exe" /INCREMENTAL /NOLOGO opencv_calib3d247d.lib opencv_contrib247d.lib opencv_core247d.lib opencv_features2d247d.lib opencv_flann247d.lib opencv_gpu247d.lib opencv_highgui247d.lib opencv_imgproc247d.lib opencv_legacy247d.lib opencv_ml247d.lib opencv_objdetect247d.lib opencv_ts247d.lib opencv_video247d.lib opencv_nonfree247d.lib opencv_ocl247d.lib opencv_photo247d.lib opencv_stitching247d.lib opencv_superres247d.lib opencv_videostab247d.lib /MANIFEST /ManifestFile:"Debug\fishEyeDemo.exe.intermediate.manifest" /MANIFESTUAC:"level='asInvoker' uiAccess='false'" /DEBUG /PDB:"D:\用户目录\我的文档\Visual Studio 2010\Projects\fishEyeDemo\Debug\fishEyeDemo.pdb" /SUBSYSTEM:WINDOWS /TLBID:1 /DYNAMICBASE /NXCOMPAT /IMPLIB:"D:\用户目录\我的文档\Visual Studio 2010\Projects\fishEyeDemo\Debug\fishEyeDemo.lib" /MACHINE:X86 Debug\fishEyeDemo.res
         Debug\fishEyeDemo.exe.embed.manifest.res
         Debug\AnyAreaCorrect.obj
         Debug\CvvImage.obj
         Debug\FishEyeBase.obj
         Debug\FourAreaCorrect.obj
         Debug\fishEyeDemo.obj
         Debug\fishEyeDemoDlg.obj
         Debug\PanoramaCorrect.obj
         Debug\stdafx.obj
         Debug\UpDownCorrect.obj
         Debug\VideoCorrect.obj
         Debug\VideoCorrectManager.obj
         Debug\VideoDrawBase.obj
         Debug\VideoFrame.obj
         Debug\VideoWindowDraw.obj
       Manifest:
         正在删除文件“Debug\fishEyeDemo.exe.embed.manifest”。
         C:\Program Files (x86)\Microsoft SDKs\Windows\v7.0A\bin\mt.exe /nologo /verbose /out:"Debug\fishEyeDemo.exe.embed.manifest" /manifest Debug\fishEyeDemo.exe.intermediate.manifest "C:\Program Files (x86)\Microsoft Visual Studio 10.0\VC\Include\Manifest\dpiaware.manifest"
         C:\Program Files (x86)\Microsoft SDKs\Windows\v7.0A\bin\rc.exe /nologo /fo"Debug\fishEyeDemo.exe.embed.manifest.res" Debug\fishEyeDemo_manifest.rc 
       LinkEmbedManifest:
         C:\Program Files (x86)\Microsoft Visual Studio 10.0\VC\bin\link.exe /ERRORREPORT:PROMPT /OUT:"D:\用户目录\我的文档\Visual Studio 2010\Projects\fishEyeDemo\Debug\fishEyeDemo.exe" /INCREMENTAL /NOLOGO opencv_calib3d247d.lib opencv_contrib247d.lib opencv_core247d.lib opencv_features2d247d.lib opencv_flann247d.lib opencv_gpu247d.lib opencv_highgui247d.lib opencv_imgproc247d.lib opencv_legacy247d.lib opencv_ml247d.lib opencv_objdetect247d.lib opencv_ts247d.lib opencv_video247d.lib opencv_nonfree247d.lib opencv_ocl247d.lib opencv_photo247d.lib opencv_stitching247d.lib opencv_superres247d.lib opencv_videostab247d.lib /MANIFEST /ManifestFile:"Debug\fishEyeDemo.exe.intermediate.manifest" /MANIFESTUAC:"level='asInvoker' uiAccess='false'" /DEBUG /PDB:"D:\用户目录\我的文档\Visual Studio 2010\Projects\fishEyeDemo\Debug\fishEyeDemo.pdb" /SUBSYSTEM:WINDOWS /TLBID:1 /DYNAMICBASE /NXCOMPAT /IMPLIB:"D:\用户目录\我的文档\Visual Studio 2010\Projects\fishEyeDemo\Debug\fishEyeDemo.lib" /MACHINE:X86 Debug\fishEyeDemo.res
         Debug\fishEyeDemo.exe.embed.manifest.res
         Debug\AnyAreaCorrect.obj
         Debug\CvvImage.obj
         Debug\FishEyeBase.obj
         Debug\FourAreaCorrect.obj
         Debug\fishEyeDemo.obj
         Debug\fishEyeDemoDlg.obj
         Debug\PanoramaCorrect.obj
         Debug\stdafx.obj
         Debug\UpDownCorrect.obj
         Debug\VideoCorrect.obj
         Debug\VideoCorrectManager.obj
         Debug\VideoDrawBase.obj
         Debug\VideoFrame.obj
         Debug\VideoWindowDraw.obj
         fishEyeDemo.vcxproj -> D:\用户目录\我的文档\Visual Studio 2010\Projects\fishEyeDemo\Debug\fishEyeDemo.exe
       FinalizeBuildStatus:
         正在删除文件“Debug\fishEyeDemo.unsuccessfulbuild”。
         正在对“Debug\fishEyeDemo.lastbuildstate”执行 Touch 任务。
     1>已完成生成项目“D:\用户目录\我的文档\Visual Studio 2010\Projects\fishEyeDemo\fishEyeDemo\fishEyeDemo.vcxproj”(rebuild 个目标)的操作。

生成成功。

已用时间 00:00:09.61
